Starting the application...
Application started successfully!
Setting up the app...
App setup complete.
Current Git Status:
Changes detected. Adding and committing files.
Staged files:
Pushing to remote repository...
Push successful!
Current Git Status:
On branch main
Your branch is up to date with 'origin/main'.

Changes not staged for commit:
  (use "git add <file>..." to update what will be committed)
  (use "git restore <file>..." to discard changes in working directory)
	modified:   bin/git_push.sh
	modified:   logs/app.log

no changes added to commit (use "git add" and/or "git commit -a")
Changes detected. Adding and committing files.
Staged files:
Pushing to remote repository...
Push successful!
Current Git Status:
On branch main
Your branch is up to date with 'origin/main'.

Changes not staged for commit:
  (use "git add <file>..." to update what will be committed)
  (use "git restore <file>..." to discard changes in working directory)
	modified:   bin/git_push.sh
	modified:   logs/app.log

no changes added to commit (use "git add" and/or "git commit -a")
Current branch:
* main
Git status (detailed):
 M bin/git_push.sh
 M logs/app.log
Latest commit hash:
56606beeb25020a4dad7875a214ad8c90975f499
Changes detected. Adding and committing files.
Staged files:
bin/git_push.sh
logs/app.log
[main 70564e4] Auto-commit: updates
 2 files changed, 44 insertions(+), 6 deletions(-)
Push attempt time:
Tue Feb 25 14:55:30 EST 2025
Pushing to remote repository...
To github.com:andrewjilks/taszker.git
   56606be..70564e4  main -> main
Push successful!
On branch main
Your branch is up to date with 'origin/main'.

Changes not staged for commit:
  (use "git add <file>..." to update what will be committed)
  (use "git restore <file>..." to discard changes in working directory)
	modified:   bin/git_push.sh
	modified:   bin/log_cleanup.sh
	modified:   bin/setup.sh
	modified:   logs/app.log
	modified:   src/main.sh
	modified:   tests/test.sh

Untracked files:
  (use "git add <file>..." to include in what will be committed)
	bin/timestamp_log.sh

no changes added to commit (use "git add" and/or "git commit -a")
* main
 M bin/git_push.sh
 M bin/log_cleanup.sh
 M bin/setup.sh
 M logs/app.log
 M src/main.sh
 M tests/test.sh
?? bin/timestamp_log.sh
70564e46eebadab93ce4ff73b40ed6d7530d828f
